0 info it worked if it ends with ok
1 verbose cli [ 'c:\\Program Files\\nodejs\\node.exe',
1 verbose cli   'c:\\Program Files\\nodejs\\node_modules\\npm\\bin\\npm-cli.js',
1 verbose cli   'install',
1 verbose cli   'fs' ]
2 info using npm@1.3.24
3 info using node@v0.10.25
4 warn package.json webtechPrj@0.0.0 No description
5 warn package.json webtechPrj@0.0.0 No README data
6 warn package.json http@0.0.0 http is also the name of a node core module.
7 warn package.json http@0.0.0 No description
8 warn package.json http@0.0.0 No repository field.
9 warn package.json url@0.7.9 url is also the name of a node core module.
10 warn package.json path@0.4.9 path is also the name of a node core module.
11 verbose readDependencies using package.json deps
12 verbose cache add [ 'fs', null ]
13 verbose cache add name=undefined spec="fs" args=["fs",null]
14 verbose parsed url { protocol: null,
14 verbose parsed url   slashes: null,
14 verbose parsed url   auth: null,
14 verbose parsed url   host: null,
14 verbose parsed url   port: null,
14 verbose parsed url   hostname: null,
14 verbose parsed url   hash: null,
14 verbose parsed url   search: null,
14 verbose parsed url   query: null,
14 verbose parsed url   pathname: 'fs',
14 verbose parsed url   path: 'fs',
14 verbose parsed url   href: 'fs' }
15 silly lockFile 3f4bb586-fs fs
16 verbose lock fs C:\Users\MARIUS\AppData\Roaming\npm-cache\3f4bb586-fs.lock
17 silly lockFile 3f4bb586-fs fs
18 silly lockFile 3f4bb586-fs fs
19 verbose addNamed [ 'fs', '' ]
20 verbose addNamed [ null, '*' ]
21 silly lockFile a107b96b-fs fs@
22 verbose lock fs@ C:\Users\MARIUS\AppData\Roaming\npm-cache\a107b96b-fs.lock
23 silly addNameRange { name: 'fs', range: '*', hasData: false }
24 verbose url raw fs
25 verbose url resolving [ 'https://registry.npmjs.org/', './fs' ]
26 verbose url resolved https://registry.npmjs.org/fs
27 info trying registry request attempt 1 at 21:56:14
28 http GET https://registry.npmjs.org/fs
29 http 404 https://registry.npmjs.org/fs
30 silly registry.get cb [ 404,
30 silly registry.get   { date: 'Mon, 21 Apr 2014 19:56:18 GMT',
30 silly registry.get     server: 'CouchDB/1.5.0 (Erlang OTP/R14B04)',
30 silly registry.get     'content-type': 'application/json',
30 silly registry.get     via: '1.1 varnish',
30 silly registry.get     'cache-control': 'max-age=0',
30 silly registry.get     'content-length': '52',
30 silly registry.get     'accept-ranges': 'bytes',
30 silly registry.get     age: '0',
30 silly registry.get     'x-served-by': 'cache-v43-ASH, cache-fra1222-FRA',
30 silly registry.get     'x-cache': 'MISS, MISS',
30 silly registry.get     'x-cache-hits': '0, 0',
30 silly registry.get     'x-timer': 'S1398110178.222530603,VS0,VS46,VE56,VE108',
30 silly registry.get     'keep-alive': 'timeout=10, max=50',
30 silly registry.get     connection: 'Keep-Alive' } ]
31 silly lockFile a107b96b-fs fs@
32 silly lockFile a107b96b-fs fs@
33 error 404 'fs' is not in the npm registry.
33 error 404 You should bug the author to publish it
33 error 404 It was specified as a dependency of 'webtechPrj'
33 error 404
33 error 404 Note that you can also install from a
33 error 404 tarball, folder, or http url, or git url.
34 error System Windows_NT 6.1.7601
35 error command "c:\\Program Files\\nodejs\\node.exe" "c:\\Program Files\\nodejs\\node_modules\\npm\\bin\\npm-cli.js" "install" "fs"
36 error cwd c:\Users\MARIUS\Documents\schule\sem8\webtech\08_Frontend_One_Page\83_Projekt\project
37 error node -v v0.10.25
38 error npm -v 1.3.24
39 error code E404
40 verbose exit [ 1, true ]
